<?xml version="1.0" encoding="UTF-8"?>
<!-- Generated by org.testng.reporters.JUnitXMLReporter -->
<testsuite ignored="0" hostname="DESKTOP-VR1ACRS" failures="0" tests="3" name="api_suite" time="4.614" errors="0" timestamp="2022-06-17T21:56:35 MSK">
  <testcase classname="tests.API.RegistrationAndLoginAPITest" name="getCredentials" time="3.4"/>
  <testcase classname="tests.API.RegistrationAndLoginAPITest" name="registerNewUser" time="0.614"/>
  <testcase classname="tests.API.RegistrationAndLoginAPITest" name="login" time="0.398"/>
</testsuite> <!-- api_suite -->
