<?xml version="1.0" encoding="UTF-8"?>
<testsuite xmlns:xsi="http://www.w3.org/2001/XMLSchema-instance" xsi:noNamespaceSchemaLocation="https://maven.apache.org/surefire/maven-surefire-plugin/xsd/surefire-test-report-3.0.xsd" version="3.0" name="TestSuite" time="6.353" tests="3" errors="0" skipped="0" failures="0">
  <properties>
[...]
</properties>
  <testcase name="getCredentials" classname="tests.API.RegistrationAndLoginAPITest" time="3.478">
    <system-out><![CDATA[{
    "data": {
        "id": 2,
        "email": "janet.weaver@reqres.in",
        "first_name": "Janet",
        "last_name": "Weaver",
        "avatar": "https://reqres.in/img/faces/2-image.jpg"
    },
    "support": {
        "url": "https://reqres.in/#support-heading",
        "text": "To keep ReqRes free, contributions towards server costs are appreciated!"
    }
}
]]></system-out>
    <system-err><![CDATA[SLF4J: Failed to load class "org.slf4j.impl.StaticLoggerBinder".
SLF4J: Defaulting to no-operation (NOP) logger implementation
SLF4J: See http://www.slf4j.org/codes.html#StaticLoggerBinder for further details.
]]></system-err>
  </testcase>
  <testcase name="registerNewUser" classname="tests.API.RegistrationAndLoginAPITest" time="0.619">
    <system-out><![CDATA[HTTP/1.1 200 OK
Date: Fri, 17 Jun 2022 18:56:33 GMT
Content-Type: application/json; charset=utf-8
Content-Length: 36
Connection: keep-alive
X-Powered-By: Express
Access-Control-Allow-Origin: *
Etag: W/"24-C1UjXwpC0NjT74MWWUg3/jq0pas"
Via: 1.1 vegur
CF-Cache-Status: DYNAMIC
Expect-CT: max-age=604800, report-uri="https://report-uri.cloudflare.com/cdn-cgi/beacon/expect-ct"
Report-To: {"endpoints":[{"url":"https:\/\/a.nel.cloudflare.com\/report\/v3?s=ZN5ixIpNrlGxsDAfl%2FJ7zoRFDKPr4MhHrQDgNZ8%2B5XEYelSwgureVebe7m08sSZtpTS6uliFDumPpKAfgsJE15cQPKPcrdY%2B3kPehBYtXM3pM9HQRUs7lxuuSQ%3D%3D"}],"group":"cf-nel","max_age":604800}
NEL: {"success_fraction":0,"report_to":"cf-nel","max_age":604800}
Server: cloudflare
CF-RAY: 71ce0182de887b23-DME

{
    "id": 2,
    "token": "QpwL5tke4Pnpja7X2"
}
]]></system-out>
  </testcase>
  <testcase name="login" classname="tests.API.RegistrationAndLoginAPITest" time="0.401">
    <system-out><![CDATA[HTTP/1.1 200 OK
Date: Fri, 17 Jun 2022 18:56:34 GMT
Content-Type: application/json; charset=utf-8
Content-Length: 29
Connection: keep-alive
X-Powered-By: Express
Access-Control-Allow-Origin: *
Etag: W/"1d-95lV8wHSg8WQEONmmhTIZxhikCo"
Via: 1.1 vegur
CF-Cache-Status: DYNAMIC
Expect-CT: max-age=604800, report-uri="https://report-uri.cloudflare.com/cdn-cgi/beacon/expect-ct"
Report-To: {"endpoints":[{"url":"https:\/\/a.nel.cloudflare.com\/report\/v3?s=MhuYBJ2MOg3PN9TuerSk3MatvnC2QgMHdrhX%2FPbavSOCNepUJfUsIxOBbTcHgkIxtoI7eNGesm00%2F3CGvl1dc%2FN6toq0Dzalr6hpomnH%2BEJATG65p8yo%2FMY5Rg%3D%3D"}],"group":"cf-nel","max_age":604800}
NEL: {"success_fraction":0,"report_to":"cf-nel","max_age":604800}
Server: cloudflare
CF-RAY: 71ce0185bb929d96-DME

{
    "token": "QpwL5tke4Pnpja7X2"
}
]]></system-out>
  </testcase>
</testsuite>